<?xml version="1.0" encoding="UTF-8"?>
<testng-results ignored="0" total="2" passed="2" failed="0" skipped="0">
  <reporter-output>
  </reporter-output>
  <suite started-at="2025-06-24T14:56:21 IST" name="Master Suite" finished-at="2025-06-24T14:56:29 IST" duration-ms="7976">
    <groups>
      <group name="regressionTest">
        <method signature="TC002_LoginTest.verifyLogin()[pri:0, instance:testCases.TC002_LoginTest@68746f22]" name="verifyLogin" class="testCases.TC002_LoginTest"/>
      </group> <!-- regressionTest -->
      <group name="sanity">
        <method signature="TC001_AccountRegistration.verifyAccountRegistration()[pri:0, instance:testCases.TC001_AccountRegistration@383dc82c]" name="verifyAccountRegistration" class="testCases.TC001_AccountRegistration"/>
      </group> <!-- sanity -->
      <group name="master">
        <method signature="TC001_AccountRegistration.verifyAccountRegistration()[pri:0, instance:testCases.TC001_AccountRegistration@383dc82c]" name="verifyAccountRegistration" class="testCases.TC001_AccountRegistration"/>
        <method signature="TC002_LoginTest.verifyLogin()[pri:0, instance:testCases.TC002_LoginTest@68746f22]" name="verifyLogin" class="testCases.TC002_LoginTest"/>
      </group> <!-- master -->
    </groups>
    <test started-at="2025-06-24T14:56:21 IST" name="Test" finished-at="2025-06-24T14:56:29 IST" duration-ms="7976">
      <class name="testCases.TC002_LoginTest">
        <test-method is-config="true" signature="setup(java.lang.String,java.lang.String)[pri:0, instance:testCases.TC002_LoginTest@68746f22]" started-at="2025-06-24T14:56:27 IST" name="setup" finished-at="2025-06-24T14:56:28 IST" duration-ms="1523" status="PASS">
          <params>
            <param index="0">
              <value>
                <![CDATA[Windows]]>
              </value>
            </param>
            <param index="1">
              <value>
                <![CDATA[chrome]]>
              </value>
            </param>
          </params>
          <reporter-output>
          </reporter-output>
        </test-method> <!-- setup -->
        <test-method signature="verifyLogin()[pri:0, instance:testCases.TC002_LoginTest@68746f22]" started-at="2025-06-24T14:56:28 IST" name="verifyLogin" finished-at="2025-06-24T14:56:29 IST" duration-ms="1160" status="PASS">
          <reporter-output>
          </reporter-output>
        </test-method> <!-- verifyLogin -->
        <test-method is-config="true" signature="tearDown()[pri:0, instance:testCases.TC002_LoginTest@68746f22]" started-at="2025-06-24T14:56:29 IST" name="tearDown" finished-at="2025-06-24T14:56:29 IST" duration-ms="201" status="PASS">
          <reporter-output>
          </reporter-output>
        </test-method> <!-- tearDown -->
      </class> <!-- testCases.TC002_LoginTest -->
      <class name="testCases.TC001_AccountRegistration">
        <test-method is-config="true" signature="setup(java.lang.String,java.lang.String)[pri:0, instance:testCases.TC001_AccountRegistration@383dc82c]" started-at="2025-06-24T14:56:21 IST" name="setup" finished-at="2025-06-24T14:56:24 IST" duration-ms="2868" status="PASS">
          <params>
            <param index="0">
              <value>
                <![CDATA[Windows]]>
              </value>
            </param>
            <param index="1">
              <value>
                <![CDATA[chrome]]>
              </value>
            </param>
          </params>
          <reporter-output>
          </reporter-output>
        </test-method> <!-- setup -->
        <test-method signature="verifyAccountRegistration()[pri:0, instance:testCases.TC001_AccountRegistration@383dc82c]" started-at="2025-06-24T14:56:24 IST" name="verifyAccountRegistration" finished-at="2025-06-24T14:56:26 IST" duration-ms="1954" status="PASS">
          <reporter-output>
          </reporter-output>
        </test-method> <!-- verifyAccountRegistration -->
        <test-method is-config="true" signature="tearDown()[pri:0, instance:testCases.TC001_AccountRegistration@383dc82c]" started-at="2025-06-24T14:56:26 IST" name="tearDown" finished-at="2025-06-24T14:56:27 IST" duration-ms="221" status="PASS">
          <reporter-output>
          </reporter-output>
        </test-method> <!-- tearDown -->
      </class> <!-- testCases.TC001_AccountRegistration -->
    </test> <!-- Test -->
  </suite> <!-- Master Suite -->
</testng-results>
