<?xml version="1.0" encoding="UTF-8"?>
<testng-results ignored="0" total="2" passed="2" failed="0" skipped="0">
  <reporter-output>
  </reporter-output>
  <suite started-at="2025-06-25T22:24:51 IST" name="Master Suite" finished-at="2025-06-25T22:25:00 IST" duration-ms="8734">
    <groups>
      <group name="regressionTest">
        <method signature="TC002_LoginTest.verifyLogin()[pri:0, instance:testCases.TC002_LoginTest@f316aeb]" name="verifyLogin" class="testCases.TC002_LoginTest"/>
      </group> <!-- regressionTest -->
      <group name="sanity">
        <method signature="TC001_AccountRegistration.verifyAccountRegistration()[pri:0, instance:testCases.TC001_AccountRegistration@7e3181aa]" name="verifyAccountRegistration" class="testCases.TC001_AccountRegistration"/>
      </group> <!-- sanity -->
      <group name="master">
        <method signature="TC001_AccountRegistration.verifyAccountRegistration()[pri:0, instance:testCases.TC001_AccountRegistration@7e3181aa]" name="verifyAccountRegistration" class="testCases.TC001_AccountRegistration"/>
        <method signature="TC002_LoginTest.verifyLogin()[pri:0, instance:testCases.TC002_LoginTest@f316aeb]" name="verifyLogin" class="testCases.TC002_LoginTest"/>
      </group> <!-- master -->
    </groups>
    <test started-at="2025-06-25T22:24:51 IST" name="Test" finished-at="2025-06-25T22:25:00 IST" duration-ms="8734">
      <class name="testCases.TC002_LoginTest">
        <test-method is-config="true" signature="setup(java.lang.String,java.lang.String)[pri:0, instance:testCases.TC002_LoginTest@f316aeb]" started-at="2025-06-25T22:24:57 IST" name="setup" finished-at="2025-06-25T22:24:59 IST" duration-ms="1626" status="PASS">
          <params>
            <param index="0">
              <value>
                <![CDATA[Windows]]>
              </value>
            </param>
            <param index="1">
              <value>
                <![CDATA[chrome]]>
              </value>
            </param>
          </params>
          <reporter-output>
          </reporter-output>
        </test-method> <!-- setup -->
        <test-method signature="verifyLogin()[pri:0, instance:testCases.TC002_LoginTest@f316aeb]" started-at="2025-06-25T22:24:59 IST" name="verifyLogin" finished-at="2025-06-25T22:25:00 IST" duration-ms="1227" status="PASS">
          <reporter-output>
          </reporter-output>
        </test-method> <!-- verifyLogin -->
        <test-method is-config="true" signature="tearDown()[pri:0, instance:testCases.TC002_LoginTest@f316aeb]" started-at="2025-06-25T22:25:00 IST" name="tearDown" finished-at="2025-06-25T22:25:00 IST" duration-ms="228" status="PASS">
          <reporter-output>
          </reporter-output>
        </test-method> <!-- tearDown -->
      </class> <!-- testCases.TC002_LoginTest -->
      <class name="testCases.TC001_AccountRegistration">
        <test-method is-config="true" signature="setup(java.lang.String,java.lang.String)[pri:0, instance:testCases.TC001_AccountRegistration@7e3181aa]" started-at="2025-06-25T22:24:51 IST" name="setup" finished-at="2025-06-25T22:24:55 IST" duration-ms="3719" status="PASS">
          <params>
            <param index="0">
              <value>
                <![CDATA[Windows]]>
              </value>
            </param>
            <param index="1">
              <value>
                <![CDATA[chrome]]>
              </value>
            </param>
          </params>
          <reporter-output>
          </reporter-output>
        </test-method> <!-- setup -->
        <test-method signature="verifyAccountRegistration()[pri:0, instance:testCases.TC001_AccountRegistration@7e3181aa]" started-at="2025-06-25T22:24:55 IST" name="verifyAccountRegistration" finished-at="2025-06-25T22:24:57 IST" duration-ms="1658" status="PASS">
          <reporter-output>
          </reporter-output>
        </test-method> <!-- verifyAccountRegistration -->
        <test-method is-config="true" signature="tearDown()[pri:0, instance:testCases.TC001_AccountRegistration@7e3181aa]" started-at="2025-06-25T22:24:57 IST" name="tearDown" finished-at="2025-06-25T22:24:57 IST" duration-ms="229" status="PASS">
          <reporter-output>
          </reporter-output>
        </test-method> <!-- tearDown -->
      </class> <!-- testCases.TC001_AccountRegistration -->
    </test> <!-- Test -->
  </suite> <!-- Master Suite -->
</testng-results>
